00000                 | 
00000                 | #line 1 "/Users/kennethwanamaker/Downloads/flexprop/_pasm2/tutorial_final/0053_string_compare.spin2"
00000                 | 'string_compare.spin2
00000                 | CON
00000                 |   _CLKFREQ          = 180_000_000
00000                 |   BAUD_RATE         = 2_000_000
00000                 |   TRANSMISSION_PIN  = 62
00000                 |   BIT_PERIOD        = (_CLKFREQ / BAUD_RATE)
00000                 |   BAUD_MODE         = (BIT_PERIOD << 16) | (8 - 1)
00000                 | 
00000                 | DAT
00000 000             |   org 0
00000 000 04 80 80 FF 
00004 001 00 F0 65 FD |   hubset	##clkmode_ & !%11
00008 002 86 01 80 FF 
0000c 003 1F 80 66 FD | 	waitx	##20_000_000/100
00010 004 04 80 80 FF 
00014 005 00 F6 65 FD | 	hubset	##clkmode_
00018 006             | 
00018 006 00 00 80 FF 
0001c 007 3E F8 0C FC |   wrpin  ##(P_ASYNC_TX | P_OE), #TRANSMISSION_PIN
00020 008 00 2D 80 FF 
00024 009 3E 0E 1C FC |   wxpin  ##BAUD_MODE, #TRANSMISSION_PIN
00028 00a 3E 02 2C FC |   wypin  #1, #TRANSMISSION_PIN
0002c 00b 41 7C 64 FD |   dirh   #TRANSMISSION_PIN
00030 00c             | 
00030 00c             |   main
00030 00c 00 00 00 FF 
00034 00d 88 50 04 F6 |     mov     stringPointer1, ##@mystring1
00038 00e 00 00 00 FF 
0003c 00f 8F 52 04 F6 |     mov     stringPointer2, ##@mystring2
00040 010 0C 00 B0 FD |     call    #string_compare
00044 011             | 
00044 011 30 54 04 F1 |     add     string_result, #"0"
00048 012 3E 54 24 FC |     wypin   string_result, #TRANSMISSION_PIN
0004c 013             | 
0004c 013 34 00 90 FD |     jmp     #endprog
00050 014             | 
00050 014             |   string_compare
00050 014             |     .loop
00050 014 28 4C C0 FA |       rdbyte  currentChar1, stringPointer1
00054 015 29 4E C0 FA |       rdbyte  currentChar2, stringPointer2
00058 016 27 4C 08 F2 |       cmp     currentChar1, currentChar2 wz
0005c 017 1C 00 90 5D |       if_nz   jmp     #.different
00060 018 00 4C 0C F2 |       cmp     currentChar1, #0 wz
00064 019 0C 00 90 AD |       if_z    jmp     #.same
00068 01a 01 50 04 F1 |       add     stringPointer1, #1
0006c 01b 01 52 04 F1 |       add     stringPointer2, #1
00070 01c DC FF 9F FD |     jmp     #.loop
00074 01d             | 
00074 01d             |     .same
00074 01d 00 54 04 F6 |       mov     string_result, #0
00078 01e 2D 00 64 FD |   ret
0007c 01f             | 
0007c 01f             |     .different
0007c 01f 01 54 04 F6 |       mov     string_result, #1
00080 020 2D 00 64 FD |   ret
00084 021             | 
00084 021             |   endprog
00084 021 FC FF 9F FD |     jmp  #$
00088 022             | 
00088 022             |   mystring1       byte "Hello!", 0
00088 022 48 65 6C 6C 
0008c 023 6F 21 00 
0008f 023             |   mystring2       byte "Hello!", 0
0008f 023 48 65 6C 6C 
00093 024 6F 21 00 
00096 025             | 
00096 025             |   currentChar1    res 1
00096 025 
00096 026             |   currentChar2    res 1
00096 026 
00096 027             |   stringPointer1  res 1
00096 027 
00096 028             |   stringPointer2  res 1
00096 028 
00096 029             |   string_result   res 1
00096 029 
00096 02a             |   
